Using pre-set license
Built from '2020.3/release' branch; Version is '2020.3.12f1 (b3b2c6512326) revision 11776710'; Using compiler version '192528614'; Build Type 'Release'
OS: 'Windows 10 Education; OS build 19042.1052; Version 2009; 64bit' Language: 'de' Physical Memory: 16322 MB
BatchMode: 1, IsHumanControllingUs: 0, StartBugReporterOnCrash: 0, Is64bit: 1, IsPro: 0

 COMMAND LINE ARGUMENTS:
C:\Program Files\Unity\Hub\Editor\2020.3.12f1\Editor\Unity.exe
-adb2
-batchMode
-noUpm
-name
AssetImportWorker0
-projectPath
C:/Users/Sandra Radzanowski/stealth-game-vr/StealthVR
-logFile
Logs/AssetImportWorker0.log
-srvPort
53338
Successfully changed project path to: C:/Users/Sandra Radzanowski/stealth-game-vr/StealthVR
C:/Users/Sandra Radzanowski/stealth-game-vr/StealthVR
Using Asset Import Pipeline V2.
Refreshing native plugins compatible for Editor in 36.07 ms, found 2 plugins.
Preloading 0 native plugins for Editor in 0.00 ms.
Initialize engine version: 2020.3.12f1 (b3b2c6512326)
[Subsystems] Discovering subsystems at path C:/Program Files/Unity/Hub/Editor/2020.3.12f1/Editor/Data/Resources/UnitySubsystems
[Subsystems] Discovering subsystems at path C:/Users/Sandra Radzanowski/stealth-game-vr/StealthVR/Assets
GfxDevice: creating device client; threaded=0
Direct3D:
    Version:  Direct3D 11.0 [level 11.1]
    Renderer: NVIDIA GeForce GTX 1660 Ti (ID=0x2182)
    Vendor:   
    VRAM:     5991 MB
    Driver:   27.21.14.6140
Initialize mono
Mono path[0] = 'C:/Program Files/Unity/Hub/Editor/2020.3.12f1/Editor/Data/Managed'
Mono path[1] = 'C:/Program Files/Unity/Hub/Editor/2020.3.12f1/Editor/Data/MonoBleedingEdge/lib/mono/unityjit'
Mono config path = 'C:/Program Files/Unity/Hub/Editor/2020.3.12f1/Editor/Data/MonoBleedingEdge/etc'
Using monoOptions --debugger-agent=transport=dt_socket,embedding=1,server=y,suspend=n,address=127.0.0.1:56860
Begin MonoManager ReloadAssembly
Registering precompiled unity dll's ...
Register platform support module: C:/Program Files/Unity/Hub/Editor/2020.3.12f1/Editor/Data/PlaybackEngines/WindowsStandaloneSupport/UnityEditor.WindowsStandalone.Extensions.dll
Registered in 0.001649 seconds.
Native extension for WindowsStandalone target not found
Refreshing native plugins compatible for Editor in 38.75 ms, found 2 plugins.
Preloading 0 native plugins for Editor in 0.00 ms.
Mono: successfully reloaded assembly
- Completed reload, in  0.830 seconds
Platform modules already initialized, skipping
Registering precompiled user dll's ...
Registered in 0.002848 seconds.
Begin MonoManager ReloadAssembly
Native extension for WindowsStandalone target not found
Refreshing native plugins compatible for Editor in 0.41 ms, found 2 plugins.
Preloading 0 native plugins for Editor in 0.00 ms.
Mono: successfully reloaded assembly
- Completed reload, in  0.778 seconds
Platform modules already initialized, skipping
========================================================================
Worker process is ready to serve import requests
Launched and connected shader compiler UnityShaderCompiler.exe after 0.03 seconds
Refreshing native plugins compatible for Editor in 0.41 ms, found 2 plugins.
Preloading 0 native plugins for Editor in 0.00 ms.
Unloading 1392 Unused Serialized files (Serialized files now loaded: 0)
System memory in use before: 69.0 MB.
System memory in use after: 69.0 MB.

Unloading 19 unused Assets to reduce memory usage. Loaded Objects now: 1827.
Total: 1.425100 ms (FindLiveObjects: 0.118100 ms CreateObjectMapping: 0.038300 ms MarkObjects: 1.205200 ms  DeleteObjects: 0.062800 ms)

AssetImportParameters requested are different than current active one (requested -> active):
  custom:framework-win-MediaFoundation: 216162199b28c13a410421893ffa2e32 -> 
  custom:video-decoder-ogg-theora: a1e56fd34408186e4bbccfd4996cb3dc -> 
  custom:container-muxer-webm: aa71ff27fc2769a1b78a27578f13a17b -> 
  custom:container-demuxer-webm: 4f35f7cbe854078d1ac9338744f61a02 -> 
  custom:container-demuxer-ogg: 62fdf1f143b41e24485cea50d1cbac27 -> 
  custom:video-encoder-webm-vp8: eb34c28f22e8b96e1ab97ce403110664 -> 
  custom:video-decoder-webm-vp8: 9c59270c3fd7afecdb556c50c9e8de78 -> 
  custom:audio-decoder-ogg-vorbis: bf7c407c2cedff20999df2af8eb42d56 -> 
  custom:audio-encoder-webm-vorbis: bf7c407c2cedff20999df2af8eb42d56 -> 
========================================================================
Received Import Request.
  path: Assets/Scripts/PlayerManager.cs
  artifactKey: Guid(c8797cf92edb0d243a03b4d262d4d82b) Importer(815301076,1909f56bfc062723c751e8b465ee728b)
Start importing Assets/Scripts/PlayerManager.cs using Guid(c8797cf92edb0d243a03b4d262d4d82b) Importer(815301076,1909f56bfc062723c751e8b465ee728b)  -> (artifact id: '90a309606a7ccf74dff0b1f08dfa0d8e') in 0.016577 seconds 
  Import took 0.018536 seconds .

========================================================================
Received Import Request.
  Time since last request: 683.782140 seconds.
  path: Assets/Scripts/PlayerManager.cs
  artifactKey: Guid(c8797cf92edb0d243a03b4d262d4d82b) Importer(815301076,1909f56bfc062723c751e8b465ee728b)
Start importing Assets/Scripts/PlayerManager.cs using Guid(c8797cf92edb0d243a03b4d262d4d82b) Importer(815301076,1909f56bfc062723c751e8b465ee728b)  -> (artifact id: '51bf5fd5a22270e1d99bdf87af66897c') in 0.001642 seconds 
  Import took 0.004101 seconds .

========================================================================
Received Import Request.
  Time since last request: 0.017656 seconds.
  path: Assets/Scripts/PlayerManager.cs
  artifactKey: Guid(c8797cf92edb0d243a03b4d262d4d82b) Importer(815301076,1909f56bfc062723c751e8b465ee728b)
Start importing Assets/Scripts/PlayerManager.cs using Guid(c8797cf92edb0d243a03b4d262d4d82b) Importer(815301076,1909f56bfc062723c751e8b465ee728b)  -> (artifact id: '51bf5fd5a22270e1d99bdf87af66897c') in 0.002165 seconds 
  Import took 0.004239 seconds .

========================================================================
Received Import Request.
  Time since last request: 50.241571 seconds.
  path: Assets/Scripts/NewBehaviourScript.cs
  artifactKey: Guid(2cb780ad670c1b04aad84aa70b534b8f) Importer(815301076,1909f56bfc062723c751e8b465ee728b)
Start importing Assets/Scripts/NewBehaviourScript.cs using Guid(2cb780ad670c1b04aad84aa70b534b8f) Importer(815301076,1909f56bfc062723c751e8b465ee728b)  -> (artifact id: 'a37483a09816f7fe6db28fd8457cd6e9') in 0.004920 seconds 
  Import took 0.007150 seconds .

========================================================================
Received Import Request.
  Time since last request: 0.000548 seconds.
  path: Assets/Scripts/NewBehaviourScript.cs
  artifactKey: Guid(2cb780ad670c1b04aad84aa70b534b8f) Importer(815301076,1909f56bfc062723c751e8b465ee728b)
Start importing Assets/Scripts/NewBehaviourScript.cs using Guid(2cb780ad670c1b04aad84aa70b534b8f) Importer(815301076,1909f56bfc062723c751e8b465ee728b)  -> (artifact id: 'a37483a09816f7fe6db28fd8457cd6e9') in 0.001382 seconds 
  Import took 0.003262 seconds .

========================================================================
Received Import Request.
  Time since last request: 7.109202 seconds.
  path: Assets/Scripts/Enemy.cs
  artifactKey: Guid(2cb780ad670c1b04aad84aa70b534b8f) Importer(815301076,1909f56bfc062723c751e8b465ee728b)
Start importing Assets/Scripts/Enemy.cs using Guid(2cb780ad670c1b04aad84aa70b534b8f) Importer(815301076,1909f56bfc062723c751e8b465ee728b)  -> (artifact id: '21fcdc4c0317dcee4be1e46a146bd91c') in 0.004951 seconds 
  Import took 0.006848 seconds .

========================================================================
Received Import Request.
  Time since last request: 7.295563 seconds.
  path: Assets/Scripts/EnemyController.cs
  artifactKey: Guid(02f2b04d60d5d2f498f267f5fdcf708b) Importer(815301076,1909f56bfc062723c751e8b465ee728b)
Start importing Assets/Scripts/EnemyController.cs using Guid(02f2b04d60d5d2f498f267f5fdcf708b) Importer(815301076,1909f56bfc062723c751e8b465ee728b)  -> (artifact id: '4b2f912f6372d3ac632c0ee4ec013f49') in 0.001657 seconds 
  Import took 0.003567 seconds .

========================================================================
Received Import Request.
  Time since last request: 0.020818 seconds.
  path: Assets/Scripts/EnemyController.cs
  artifactKey: Guid(02f2b04d60d5d2f498f267f5fdcf708b) Importer(815301076,1909f56bfc062723c751e8b465ee728b)
Start importing Assets/Scripts/EnemyController.cs using Guid(02f2b04d60d5d2f498f267f5fdcf708b) Importer(815301076,1909f56bfc062723c751e8b465ee728b)  -> (artifact id: '4b2f912f6372d3ac632c0ee4ec013f49') in 0.001650 seconds 
  Import took 0.003508 seconds .

========================================================================
Received Import Request.
  Time since last request: 142.554612 seconds.
  path: Assets/Scripts/Enemy.cs
  artifactKey: Guid(2cb780ad670c1b04aad84aa70b534b8f) Importer(815301076,1909f56bfc062723c751e8b465ee728b)
Start importing Assets/Scripts/Enemy.cs using Guid(2cb780ad670c1b04aad84aa70b534b8f) Importer(815301076,1909f56bfc062723c751e8b465ee728b)  -> (artifact id: '0c2bff27f04c89cca1ce9444a00d215e') in 0.001478 seconds 
  Import took 0.003373 seconds .

========================================================================
Received Import Request.
  Time since last request: 60.389495 seconds.
  path: Assets/Scripts/Enemy.cs
  artifactKey: Guid(2cb780ad670c1b04aad84aa70b534b8f) Importer(815301076,1909f56bfc062723c751e8b465ee728b)
Start importing Assets/Scripts/Enemy.cs using Guid(2cb780ad670c1b04aad84aa70b534b8f) Importer(815301076,1909f56bfc062723c751e8b465ee728b)  -> (artifact id: '915326634e4dbaf0ef01f2e387094579') in 0.001385 seconds 
  Import took 0.003264 seconds .

========================================================================
Received Import Request.
  Time since last request: 73.591524 seconds.
  path: Assets/Scripts/EnemyStats.cs
  artifactKey: Guid(aa085b75f414bb14599d90cf88c40b57) Importer(815301076,1909f56bfc062723c751e8b465ee728b)
Start importing Assets/Scripts/EnemyStats.cs using Guid(aa085b75f414bb14599d90cf88c40b57) Importer(815301076,1909f56bfc062723c751e8b465ee728b)  -> (artifact id: 'cc4d5010a727b43bb10de2a739595979') in 0.004629 seconds 
  Import took 0.006733 seconds .

========================================================================
Received Import Request.
  Time since last request: 0.000719 seconds.
  path: Assets/Scripts/EnemyStats.cs
  artifactKey: Guid(aa085b75f414bb14599d90cf88c40b57) Importer(815301076,1909f56bfc062723c751e8b465ee728b)
Start importing Assets/Scripts/EnemyStats.cs using Guid(aa085b75f414bb14599d90cf88c40b57) Importer(815301076,1909f56bfc062723c751e8b465ee728b)  -> (artifact id: 'cc4d5010a727b43bb10de2a739595979') in 0.001483 seconds 
  Import took 0.003311 seconds .

========================================================================
Received Import Request.
  Time since last request: 86.941708 seconds.
  path: Assets/Scripts/EnemyStats.cs
  artifactKey: Guid(aa085b75f414bb14599d90cf88c40b57) Importer(815301076,1909f56bfc062723c751e8b465ee728b)
Start importing Assets/Scripts/EnemyStats.cs using Guid(aa085b75f414bb14599d90cf88c40b57) Importer(815301076,1909f56bfc062723c751e8b465ee728b)  -> (artifact id: '81e5d0525aea4e6bf4da5da857646ea1') in 0.002172 seconds 
  Import took 0.004517 seconds .

AssetImportWorkerClient::OnTransportError - code=2 error=End of file
